TN:
SF:src/App.tsx
FN:15,App
FNF:1
FNH:1
FNDA:17,App
DA:5,1
DA:16,17
LF:2
LH:2
BRF:0
BRH:0
end_of_record
TN:
SF:src/components/ContainerCard.tsx
FN:15,ContainerCard
FN:37,(anonymous_1)
FN:38,(anonymous_2)
FN:69,(anonymous_3)
FN:80,(anonymous_4)
FN:90,(anonymous_5)
FN:99,(anonymous_6)
FN:108,(anonymous_7)
FNF:8
FNH:8
FNDA:21,ContainerCard
FNDA:14,(anonymous_1)
FNDA:14,(anonymous_2)
FNDA:1,(anonymous_3)
FNDA:1,(anonymous_4)
FNDA:1,(anonymous_5)
FNDA:1,(anonymous_6)
FNDA:1,(anonymous_7)
DA:24,21
DA:25,21
DA:26,21
DA:28,21
DA:37,21
DA:38,14
DA:41,21
DA:69,1
DA:80,1
DA:90,1
DA:99,1
DA:108,1
LF:12
LH:12
BRDA:22,0,0,21
BRDA:26,1,0,21
BRDA:26,1,1,1
BRDA:52,2,0,14
BRDA:52,2,1,7
BRDA:58,3,0,21
BRDA:58,3,1,14
BRDA:67,4,0,21
BRDA:67,4,1,7
BRDA:78,5,0,21
BRDA:78,5,1,14
BRDA:91,6,0,21
BRDA:91,6,1,20
BRF:13
BRH:13
end_of_record
TN:
SF:src/components/ContainerDetailsModal.tsx
FN:12,ContainerDetailsModal
FN:38,(anonymous_1)
FN:41,(anonymous_2)
FN:86,(anonymous_3)
FN:90,(anonymous_4)
FN:102,(anonymous_5)
FN:123,(anonymous_6)
FN:170,InfoItem
FNF:8
FNH:8
FNDA:32,ContainerDetailsModal
FNDA:90,(anonymous_1)
FNDA:8,(anonymous_2)
FNDA:22,(anonymous_3)
FNDA:22,(anonymous_4)
FNDA:22,(anonymous_5)
FNDA:12,(anonymous_6)
FNDA:125,InfoItem
DA:17,32
DA:18,32
DA:19,32
DA:21,32
DA:23,32
DA:29,32
DA:39,90
DA:41,8
DA:87,22
DA:90,22
DA:103,22
DA:124,12
DA:179,125
LF:13
LH:13
BRDA:17,0,0,30
BRDA:17,0,1,2
BRDA:18,1,0,30
BRDA:18,1,1,2
BRDA:21,2,0,0
BRDA:21,2,1,32
BRDA:21,3,0,32
BRDA:21,3,1,2
BRDA:30,4,0,32
BRDA:30,4,1,2
BRDA:31,5,0,2
BRDA:31,5,1,30
BRDA:42,6,0,30
BRDA:42,6,1,60
BRDA:52,7,0,30
BRDA:52,7,1,22
BRDA:63,8,0,21
BRDA:63,8,1,1
BRDA:69,9,0,22
BRDA:69,9,1,21
BRDA:69,9,2,21
BRDA:82,10,0,22
BRDA:82,10,1,22
BRDA:82,10,2,22
BRDA:89,11,0,22
BRDA:89,11,1,22
BRDA:89,11,2,22
BRDA:89,11,3,22
BRDA:98,12,0,22
BRDA:98,12,1,22
BRDA:98,12,2,22
BRDA:117,13,0,30
BRDA:117,13,1,4
BRDA:119,14,0,4
BRDA:119,14,1,4
BRDA:132,15,0,4
BRDA:132,15,1,4
BRDA:136,16,0,4
BRDA:136,16,1,3
BRDA:142,17,0,4
BRDA:142,17,1,3
BRDA:154,18,0,30
BRDA:154,18,1,4
BRDA:159,19,0,4
BRDA:159,19,1,2
BRDA:173,20,0,125
BRF:46
BRH:45
end_of_record
TN:
SF:src/components/ContainerList.tsx
FN:15,ContainerList
FN:18,(anonymous_1)
FN:37,(anonymous_2)
FN:41,(anonymous_3)
FN:45,(anonymous_4)
FN:46,(anonymous_5)
FN:51,(anonymous_6)
FN:59,(anonymous_7)
FN:63,(anonymous_8)
FN:64,(anonymous_9)
FN:72,(anonymous_10)
FN:80,(anonymous_11)
FN:100,(anonymous_12)
FN:125,(anonymous_13)
FN:137,(anonymous_14)
FN:146,(anonymous_15)
FN:167,(anonymous_16)
FN:176,(anonymous_17)
FNF:18
FNH:15
FNDA:26,ContainerList
FNDA:30,(anonymous_1)
FNDA:0,(anonymous_2)
FNDA:1,(anonymous_3)
FNDA:2,(anonymous_4)
FNDA:2,(anonymous_5)
FNDA:1,(anonymous_6)
FNDA:1,(anonymous_7)
FNDA:2,(anonymous_8)
FNDA:2,(anonymous_9)
FNDA:1,(anonymous_10)
FNDA:1,(anonymous_11)
FNDA:1,(anonymous_12)
FNDA:30,(anonymous_13)
FNDA:1,(anonymous_14)
FNDA:30,(anonymous_15)
FNDA:0,(anonymous_16)
FNDA:0,(anonymous_17)
DA:16,26
DA:18,30
DA:21,26
DA:22,26
DA:23,26
DA:24,26
DA:26,26
DA:27,26
DA:41,26
DA:42,1
DA:45,26
DA:46,2
DA:47,2
DA:52,1
DA:53,1
DA:59,26
DA:60,1
DA:63,26
DA:64,2
DA:65,2
DA:67,2
DA:73,1
DA:74,1
DA:80,26
DA:81,1
DA:84,26
DA:85,1
DA:92,25
DA:93,3
DA:100,1
DA:111,22
DA:112,2
DA:125,30
DA:127,20
DA:137,1
DA:147,30
DA:167,0
DA:176,0
LF:38
LH:36
BRDA:50,0,0,2
BRDA:50,0,1,0
BRDA:70,1,0,2
BRDA:70,1,1,0
BRDA:70,2,0,2
BRDA:70,2,1,0
BRDA:84,3,0,1
BRDA:84,3,1,25
BRDA:92,4,0,3
BRDA:92,4,1,22
BRDA:111,5,0,2
BRDA:111,5,1,20
BRDA:111,6,0,22
BRDA:111,6,1,22
BRDA:156,7,0,30
BRDA:156,7,1,29
BRDA:156,7,2,29
BRDA:156,7,3,29
BRDA:168,8,0,20
BRDA:168,8,1,19
BRF:20
BRH:17
end_of_record
TN:
SF:src/components/Dashboard.tsx
FN:5,Dashboard
FNF:1
FNH:1
FNDA:29,Dashboard
DA:6,29
LF:1
LH:1
BRF:0
BRH:0
end_of_record
TN:
SF:src/components/Dialog.tsx
FN:14,ConfirmDialog
FN:66,Modal
FNF:2
FNH:2
FNDA:23,ConfirmDialog
FNDA:67,Modal
DA:24,23
DA:26,8
DA:32,8
DA:67,67
DA:69,62
DA:76,62
LF:6
LH:6
BRDA:18,0,0,23
BRDA:19,1,0,23
BRDA:22,2,0,23
BRDA:24,3,0,15
BRDA:24,3,1,8
BRDA:66,4,0,67
BRDA:67,5,0,5
BRDA:67,5,1,62
BRF:8
BRH:8
end_of_record
TN:
SF:src/components/ServiceCard.tsx
FN:12,ServiceCard
FN:55,(anonymous_1)
FN:65,(anonymous_2)
FN:74,(anonymous_3)
FNF:4
FNH:4
FNDA:80,ServiceCard
FNDA:1,(anonymous_1)
FNDA:1,(anonymous_2)
FNDA:1,(anonymous_3)
DA:19,80
DA:20,80
DA:22,80
DA:55,1
DA:65,1
DA:74,1
LF:6
LH:6
BRDA:19,0,0,13
BRDA:19,0,1,67
BRDA:19,1,0,5
BRDA:19,1,1,62
BRDA:20,2,0,13
BRDA:20,2,1,67
BRDA:20,3,0,5
BRDA:20,3,1,62
BRDA:42,4,0,80
BRDA:42,4,1,80
BRDA:42,4,2,79
BRDA:53,5,0,80
BRDA:53,5,1,67
BRDA:63,6,0,80
BRDA:63,6,1,13
BRF:15
BRH:15
end_of_record
TN:
SF:src/components/ServiceDetailsModal.tsx
FN:11,ServiceDetailsModal
FN:36,(anonymous_1)
FN:39,(anonymous_2)
FN:93,InfoItem
FNF:4
FNH:4
FNDA:41,ServiceDetailsModal
FNDA:48,(anonymous_1)
FNDA:4,(anonymous_2)
FNDA:106,InfoItem
DA:16,41
DA:17,41
DA:18,41
DA:20,41
DA:22,26
DA:27,26
DA:37,48
DA:39,4
DA:102,106
LF:9
LH:9
BRDA:16,0,0,24
BRDA:16,0,1,17
BRDA:17,1,0,24
BRDA:17,1,1,17
BRDA:20,2,0,15
BRDA:20,2,1,26
BRDA:20,3,0,41
BRDA:20,3,1,17
BRDA:28,4,0,26
BRDA:28,4,1,2
BRDA:29,5,0,2
BRDA:29,5,1,24
BRDA:40,6,0,24
BRDA:40,6,1,24
BRDA:50,7,0,24
BRDA:50,7,1,20
BRDA:50,7,2,20
BRDA:60,8,0,18
BRDA:60,8,1,2
BRDA:60,9,0,1
BRDA:60,9,1,1
BRDA:61,10,0,18
BRDA:61,10,1,2
BRDA:63,11,0,20
BRDA:63,11,1,19
BRDA:63,11,2,18
BRDA:75,12,0,24
BRDA:75,12,1,4
BRDA:82,13,0,4
BRDA:82,13,1,2
BRDA:96,14,0,106
BRF:31
BRH:31
end_of_record
TN:
SF:src/components/ServiceList.tsx
FN:12,ServiceList
FN:28,(anonymous_1)
FN:32,(anonymous_2)
FN:36,(anonymous_3)
FN:37,(anonymous_4)
FN:42,(anonymous_5)
FN:50,(anonymous_6)
FN:70,(anonymous_7)
FN:92,(anonymous_8)
FN:104,(anonymous_9)
FN:113,(anonymous_10)
FN:130,(anonymous_11)
FN:139,(anonymous_12)
FNF:13
FNH:11
FNDA:58,ServiceList
FNDA:0,(anonymous_1)
FNDA:1,(anonymous_2)
FNDA:4,(anonymous_3)
FNDA:4,(anonymous_4)
FNDA:1,(anonymous_5)
FNDA:1,(anonymous_6)
FNDA:1,(anonymous_7)
FNDA:125,(anonymous_8)
FNDA:1,(anonymous_9)
FNDA:125,(anonymous_10)
FNDA:0,(anonymous_11)
FNDA:1,(anonymous_12)
DA:13,58
DA:14,58
DA:15,58
DA:17,58
DA:18,58
DA:32,58
DA:33,1
DA:36,58
DA:37,4
DA:38,4
DA:43,1
DA:44,1
DA:50,58
DA:51,1
DA:54,58
DA:55,16
DA:62,42
DA:63,3
DA:70,1
DA:81,39
DA:82,2
DA:92,125
DA:94,37
DA:104,1
DA:114,125
DA:130,0
DA:139,1
LF:27
LH:26
BRDA:54,0,0,16
BRDA:54,0,1,42
BRDA:62,1,0,3
BRDA:62,1,1,39
BRDA:81,2,0,2
BRDA:81,2,1,37
BRDA:81,3,0,39
BRDA:81,3,1,38
BRDA:121,4,0,125
BRDA:121,4,1,122
BRDA:131,5,0,37
BRDA:131,5,1,36
BRF:12
BRH:12
end_of_record
TN:
SF:src/components/SystemInfo.tsx
FN:6,SystemInfo
FN:10,(anonymous_1)
FN:14,(anonymous_2)
FN:56,(anonymous_3)
FNF:4
FNH:0
FNDA:0,SystemInfo
FNDA:0,(anonymous_1)
FNDA:0,(anonymous_2)
FNDA:0,(anonymous_3)
DA:7,0
DA:8,0
DA:10,0
DA:14,0
DA:15,0
DA:17,0
DA:18,0
DA:21,0
DA:54,0
DA:57,0
LF:10
LH:0
BRDA:10,0,0,0
BRDA:10,0,1,0
BRDA:17,1,0,0
BRDA:17,1,1,0
BRDA:17,2,0,0
BRDA:17,2,1,0
BRDA:17,2,2,0
BRF:7
BRH:0
end_of_record
TN:
SF:src/components/SystemInfoServices.tsx
FN:6,SystemInfoServices
FN:10,(anonymous_1)
FN:52,(anonymous_2)
FNF:3
FNH:3
FNDA:44,SystemInfoServices
FNDA:92,(anonymous_1)
FNDA:130,(anonymous_2)
DA:7,44
DA:8,44
DA:10,92
DA:11,44
DA:13,44
DA:14,18
DA:17,26
DA:50,44
DA:53,130
LF:9
LH:9
BRDA:10,0,0,44
BRDA:10,0,1,33
BRDA:11,1,0,44
BRDA:11,1,1,18
BRDA:13,2,0,18
BRDA:13,2,1,26
BRDA:13,3,0,44
BRDA:13,3,1,28
BRDA:13,3,2,27
BRDA:20,4,0,26
BRDA:20,4,1,2
BRF:11
BRH:11
end_of_record
TN:
SF:src/hooks/useApi.ts
FN:4,useContainers
FN:7,(anonymous_1)
FN:12,useContainer
FN:15,(anonymous_3)
FN:20,useContainerLogs
FN:23,(anonymous_5)
FN:28,useStartContainer
FN:32,(anonymous_7)
FN:33,(anonymous_8)
FN:39,useStopContainer
FN:43,(anonymous_10)
FN:44,(anonymous_11)
FN:50,useRestartContainer
FN:54,(anonymous_13)
FN:55,(anonymous_14)
FN:61,useRemoveContainer
FN:65,(anonymous_16)
FN:67,(anonymous_17)
FN:73,useVolumes
FN:76,(anonymous_19)
FN:81,useSystemInfo
FN:84,(anonymous_21)
FNF:22
FNH:22
FNDA:7,useContainers
FNDA:4,(anonymous_1)
FNDA:3,useContainer
FNDA:1,(anonymous_3)
FNDA:5,useContainerLogs
FNDA:2,(anonymous_5)
FNDA:4,useStartContainer
FNDA:2,(anonymous_7)
FNDA:1,(anonymous_8)
FNDA:2,useStopContainer
FNDA:1,(anonymous_10)
FNDA:1,(anonymous_11)
FNDA:2,useRestartContainer
FNDA:1,(anonymous_13)
FNDA:1,(anonymous_14)
FNDA:4,useRemoveContainer
FNDA:2,(anonymous_16)
FNDA:2,(anonymous_17)
FNDA:2,useVolumes
FNDA:1,(anonymous_19)
FNDA:31,useSystemInfo
FNDA:14,(anonymous_21)
DA:5,7
DA:7,4
DA:13,3
DA:15,1
DA:21,5
DA:23,2
DA:29,4
DA:31,4
DA:32,2
DA:34,1
DA:40,2
DA:42,2
DA:43,1
DA:45,1
DA:51,2
DA:53,2
DA:54,1
DA:56,1
DA:62,4
DA:64,4
DA:66,2
DA:68,2
DA:74,2
DA:76,1
DA:82,31
DA:84,14
LF:26
LH:26
BRDA:4,0,0,7
BRDA:20,1,0,5
BRF:2
BRH:2
end_of_record
TN:
SF:src/hooks/useServices.ts
FN:4,useServices
FN:7,(anonymous_1)
FN:12,useService
FN:15,(anonymous_3)
FN:20,useServiceLogs
FN:23,(anonymous_5)
FN:28,useStartService
FN:32,(anonymous_7)
FN:33,(anonymous_8)
FN:39,useStopService
FN:43,(anonymous_10)
FN:44,(anonymous_11)
FNF:12
FNH:12
FNDA:65,useServices
FNDA:17,(anonymous_1)
FNDA:22,useService
FNDA:4,(anonymous_3)
FNDA:24,useServiceLogs
FNDA:5,(anonymous_5)
FNDA:38,useStartService
FNDA:5,(anonymous_7)
FNDA:4,(anonymous_8)
FNDA:38,useStopService
FNDA:5,(anonymous_10)
FNDA:4,(anonymous_11)
DA:5,65
DA:7,17
DA:13,22
DA:15,4
DA:21,24
DA:23,5
DA:29,38
DA:31,38
DA:32,5
DA:34,4
DA:40,38
DA:42,38
DA:43,5
DA:45,4
LF:14
LH:14
BRDA:20,0,0,24
BRF:1
BRH:1
end_of_record
TN:
SF:src/hooks/useWebSocket.ts
FN:7,useWebSocket
FN:11,(anonymous_1)
FN:14,(anonymous_2)
FN:18,(anonymous_3)
FN:24,(anonymous_4)
FN:32,useContainerUpdates
FN:36,(anonymous_6)
FN:41,(anonymous_7)
FN:45,(anonymous_8)
FN:54,useContainerStats
FN:58,(anonymous_10)
FN:63,(anonymous_11)
FN:69,(anonymous_12)
FNF:13
FNH:13
FNDA:49,useWebSocket
FNDA:20,(anonymous_1)
FNDA:2,(anonymous_2)
FNDA:1,(anonymous_3)
FNDA:20,(anonymous_4)
FNDA:14,useContainerUpdates
FNDA:13,(anonymous_6)
FNDA:1,(anonymous_7)
FNDA:5,(anonymous_8)
FNDA:20,useContainerStats
FNDA:17,(anonymous_10)
FNDA:4,(anonymous_11)
FNDA:8,(anonymous_12)
DA:5,1
DA:8,49
DA:9,49
DA:11,49
DA:12,20
DA:14,20
DA:15,2
DA:18,20
DA:19,1
DA:22,20
DA:24,20
DA:25,20
DA:29,49
DA:33,14
DA:34,14
DA:36,14
DA:37,13
DA:39,5
DA:41,5
DA:42,1
DA:45,5
DA:46,5
DA:47,5
DA:51,14
DA:55,20
DA:56,20
DA:58,20
DA:59,17
DA:61,8
DA:63,8
DA:64,4
DA:65,3
DA:69,8
DA:70,8
DA:71,8
DA:75,20
LF:36
LH:36
BRDA:5,0,0,1
BRDA:5,0,1,1
BRDA:32,1,0,14
BRDA:37,2,0,8
BRDA:37,2,1,5
BRDA:37,3,0,13
BRDA:37,3,1,7
BRDA:59,4,0,9
BRDA:59,4,1,8
BRDA:59,5,0,17
BRDA:59,5,1,9
BRDA:64,6,0,3
BRDA:64,6,1,1
BRF:13
BRH:13
end_of_record
TN:
SF:src/services/api.ts
FN:8,(anonymous_0)
FN:12,(anonymous_1)
FN:22,(anonymous_2)
FN:29,(anonymous_3)
FN:33,(anonymous_4)
FN:37,(anonymous_5)
FN:41,(anonymous_6)
FN:45,(anonymous_7)
FN:49,(anonymous_8)
FN:53,(anonymous_9)
FN:57,(anonymous_10)
FN:61,(anonymous_11)
FN:65,(anonymous_12)
FN:69,(anonymous_13)
FN:73,(anonymous_14)
FN:77,(anonymous_15)
FN:81,(anonymous_16)
FNF:17
FNH:17
FNDA:3,(anonymous_0)
FNDA:44,(anonymous_1)
FNDA:1,(anonymous_2)
FNDA:4,(anonymous_3)
FNDA:2,(anonymous_4)
FNDA:2,(anonymous_5)
FNDA:2,(anonymous_6)
FNDA:2,(anonymous_7)
FNDA:3,(anonymous_8)
FNDA:2,(anonymous_9)
FNDA:2,(anonymous_10)
FNDA:2,(anonymous_11)
FNDA:2,(anonymous_12)
FNDA:3,(anonymous_13)
FNDA:15,(anonymous_14)
FNDA:1,(anonymous_15)
FNDA:2,(anonymous_16)
DA:3,3
DA:9,3
DA:13,44
DA:21,44
DA:22,12
DA:23,12
DA:26,32
DA:30,4
DA:34,2
DA:38,2
DA:42,2
DA:46,2
DA:50,3
DA:54,2
DA:58,2
DA:62,2
DA:66,2
DA:70,3
DA:74,15
DA:78,1
DA:82,2
DA:86,3
LF:22
LH:22
BRDA:3,0,0,3
BRDA:3,0,1,3
BRDA:21,1,0,12
BRDA:21,1,1,32
BRDA:23,2,0,12
BRDA:23,2,1,0
BRDA:29,3,0,4
BRDA:49,4,0,3
BRDA:53,5,0,2
BRDA:69,6,0,3
BRF:10
BRH:9
end_of_record
TN:
SF:src/services/servicesApi.ts
FN:18,(anonymous_0)
FN:22,(anonymous_1)
FN:32,(anonymous_2)
FN:39,(anonymous_3)
FN:43,(anonymous_4)
FN:47,(anonymous_5)
FN:51,(anonymous_6)
FN:55,(anonymous_7)
FNF:8
FNH:8
FNDA:3,(anonymous_0)
FNDA:39,(anonymous_1)
FNDA:1,(anonymous_2)
FNDA:18,(anonymous_3)
FNDA:4,(anonymous_4)
FNDA:5,(anonymous_5)
FNDA:5,(anonymous_6)
FNDA:7,(anonymous_7)
DA:13,3
DA:19,3
DA:23,39
DA:31,37
DA:32,11
DA:33,11
DA:36,26
DA:40,18
DA:44,4
DA:48,5
DA:52,5
DA:56,7
DA:60,3
LF:13
LH:13
BRDA:13,0,0,3
BRDA:13,0,1,3
BRDA:31,1,0,11
BRDA:31,1,1,26
BRDA:33,2,0,11
BRDA:33,2,1,0
BRDA:55,3,0,7
BRF:7
BRH:6
end_of_record
